<html>
<head>
<title>TestNG:  exampletest1</title>
<link href="../testng.css" rel="stylesheet" type="text/css" />
<link href="../my-testng.css" rel="stylesheet" type="text/css" />

<style type="text/css">
.log { display: none;} 
.stack-trace { display: none;} 
</style>
<script type="text/javascript">
<!--
function flip(e) {
  current = e.style.display;
  if (current == 'block') {
    e.style.display = 'none';
    return 0;
  }
  else {
    e.style.display = 'block';
    return 1;
  }
}

function toggleBox(szDivId, elem, msg1, msg2)
{
  var res = -1;  if (document.getElementById) {
    res = flip(document.getElementById(szDivId));
  }
  else if (document.all) {
    // this is the way old msie versions work
    res = flip(document.all[szDivId]);
  }
  if(elem) {
    if(res == 0) elem.innerHTML = msg1; else elem.innerHTML = msg2;
  }

}

function toggleAllBoxes() {
  if (document.getElementsByTagName) {
    d = document.getElementsByTagName('div');
    for (i = 0; i < d.length; i++) {
      if (d[i].className == 'log') {
        flip(d[i]);
      }
    }
  }
}

// -->
</script>

</head>
<body>
<h2 align='center'>exampletest1</h2><table border='1' align="center">
<tr>
<td>Tests passed/Failed/Skipped:</td><td>3/2/0</td>
</tr><tr>
<td>Started on:</td><td>Thu Oct 09 10:08:32 IST 2014</td>
</tr>
<tr><td>Total time:</td><td>48 seconds (48101 ms)</td>
</tr><tr>
<td>Included groups:</td><td></td>
</tr><tr>
<td>Excluded groups:</td><td></td>
</tr>
</table><p/>
<small><i>(Hover the method name to see the test class name)</i></small><p/>
<table width='100%' border='1' class='invocation-failed'>
<tr><td colspan='4' align='center'><b>FAILED TESTS</b></td></tr>
<tr><td><b>Test method</b></td>
<td width="30%"><b>Exception</b></td>
<td width="10%"><b>Time (seconds)</b></td>
<td><b>Instance</b></td>
</tr>
<tr>
<td title='ortho.eoc.kneeOperationData.hipOperation()'><b>hipOperation</b><br>Test class: ortho.eoc.kneeOperationData<br>Parameters: Operation Date, Operation Description, Code, Operation Indication, Patient Position, Knee Position, Hospital at which surgery undertaken, Lead Surgeon, Grade of Lead Surgeon, 2nd Surgeon, Grade of 2nd Surgeon, 1st Assistant, 2nd Assistant, 1st Assistant, 2nd Assistant, Pre-op antibiotics, Tourniquet time(mins), Surgical Approach, Fat Pad, Dose, Patella Preparation, Reduction, Findings, patello-femoral joint, medial tib-fem joint, lateral tib-fem joint, synovium, PCL, ACL, Per-op blood loss( ml), Units transfused per-op, Pre-op Hb( g/dl), Post-op blood loss( ml), Units transfused post-op, Post-op Hb( g/dl), Deep layer, Skin, Subcutaneous fat, Dressings, Fascia lata, Suture, No.of drains, Mobilise, Check X-Rays, Remove sutures, ThromboName, ThromboDose, ThromboFrequency, ThromboDuration, AntibioticsName, AntibioticsDose, AntibioticsFrequency, AntibioticsDuration, Knee replacement type, Femoral component size, Femoral fixation, Fem plug type, Manufacturer, Femoral Stem, Femoral Stem Diameter, Fem Stem Length, Fem plug size, Tibial component size, Tibial fixation, Tibial plug type, Tibial Insert, Tibial screws-No, Tibial Stem, Tibial Stem Diameter, Tibial plug size, Tibial Stem Length, Patella Resurfaced, Patella component thickness, Pat component size, Patella fixation, Notes</td>
<td><div><pre>org.openqa.selenium.NoSuchElementException: Cannot locate element with text: No.of drains
For documentation on this error, please visit: http://seleniumhq.org/exceptions/no_such_element.html
Build info: version: &apos;2.43.0&apos;, revision: &apos;accb3003b9fb8f7cae30f9669b4c594a065396a6&apos;, time: &apos;2014-09-09 22:22:51&apos;
System info: host: &apos;kmmedical&apos;, ip: &apos;192.168.1.11&apos;, os.name: &apos;Windows 7&apos;, os.arch: &apos;x86&apos;, os.version: &apos;6.1&apos;, java.version: &apos;1.7.0_45&apos;
Driver info: driver.version: unknown
	at org.openqa.selenium.support.ui.Select.selectByVisibleText(Select.java:147)
	at ortho.eoc.kneeOperationData.hipOperation(kneeOperationData.java:244)
... Removed 24 stack frames</pre></div><a href='#' onClick='toggleBox("stack-trace22643298", this, "Click to show all stack frames", "Click to hide stack frames")'>Click to show all stack frames</a>
<div class='stack-trace' id='stack-trace22643298'><pre>org.openqa.selenium.NoSuchElementException: Cannot locate element with text: No.of drains
For documentation on this error, please visit: http://seleniumhq.org/exceptions/no_such_element.html
Build info: version: &apos;2.43.0&apos;, revision: &apos;accb3003b9fb8f7cae30f9669b4c594a065396a6&apos;, time: &apos;2014-09-09 22:22:51&apos;
System info: host: &apos;kmmedical&apos;, ip: &apos;192.168.1.11&apos;, os.name: &apos;Windows 7&apos;, os.arch: &apos;x86&apos;, os.version: &apos;6.1&apos;, java.version: &apos;1.7.0_45&apos;
Driver info: driver.version: unknown
	at org.openqa.selenium.support.ui.Select.selectByVisibleText(Select.java:147)
	at ortho.eoc.kneeOperationData.hipOperation(kneeOperationData.java:244)
	at sun.reflect.NativeMethodAccessorImpl.invoke0(Native Method)
	at sun.reflect.NativeMethodAccessorImpl.invoke(Unknown Source)
	at sun.reflect.DelegatingMethodAccessorImpl.invoke(Unknown Source)
	at java.lang.reflect.Method.invoke(Unknown Source)
	at org.testng.internal.MethodInvocationHelper.invokeMethod(MethodInvocationHelper.java:84)
	at org.testng.internal.Invoker.invokeMethod(Invoker.java:714)
	at org.testng.internal.Invoker.invokeTestMethod(Invoker.java:901)
	at org.testng.internal.Invoker.invokeTestMethods(Invoker.java:1231)
	at org.testng.internal.TestMethodWorker.invokeTestMethods(TestMethodWorker.java:127)
	at org.testng.internal.TestMethodWorker.run(TestMethodWorker.java:111)
	at org.testng.TestRunner.privateRun(TestRunner.java:767)
	at org.testng.TestRunner.run(TestRunner.java:617)
	at org.testng.SuiteRunner.runTest(SuiteRunner.java:334)
	at org.testng.SuiteRunner.runSequentially(SuiteRunner.java:329)
	at org.testng.SuiteRunner.privateRun(SuiteRunner.java:291)
	at org.testng.SuiteRunner.run(SuiteRunner.java:240)
	at org.testng.SuiteRunnerWorker.runSuite(SuiteRunnerWorker.java:52)
	at org.testng.SuiteRunnerWorker.run(SuiteRunnerWorker.java:86)
	at org.testng.TestNG.runSuitesSequentially(TestNG.java:1224)
	at org.testng.TestNG.runSuitesLocally(TestNG.java:1149)
	at org.testng.TestNG.run(TestNG.java:1057)
	at org.testng.remote.RemoteTestNG.run(RemoteTestNG.java:111)
	at org.testng.remote.RemoteTestNG.initAndRun(RemoteTestNG.java:204)
	at org.testng.remote.RemoteTestNG.main(RemoteTestNG.java:175)
</pre></div></td>
<td>21</td>
<td>ortho.eoc.kneeOperationData@7da288</td></tr>
<tr>
<td title='ortho.eoc.kneeOperationData.hipOperation()'><b>hipOperation</b><br>Test class: ortho.eoc.kneeOperationData<br>Parameters: 19-09-2014, Primary cemented TKR, 1567, Bilateral Bunions, supine, flexed to 90 degrees, Epsom,  Bardakos,N, Visiting Surgeon,  Millington,J, Senior House Officer, Mohammad , Sinha , Blair , Enriquez , Vancomycin, 10:00:00, Surgical Approach, Preserved, 2500 IU, The patella was left intact, Stable, Findings, Healthy, Slightly worn, Moderate OA, Diffuse synovitis, intact and healthy, ruptured, 48.9 ml per surgical, 22,  12 g/dL, 48.9 ml per surgical, 7,  12 g/dL, Not recorded, 2/0 Prolene, 2/0 Prolene, pressure dressing, 3/0 Prolene, 3/0 Prolene, 3, Not recorded, 24 hours, , Heparin, 2500 IU, Not recorded, 24 hours, Erythromycin , 2500 IU, Not recorded, 24 hours, Insall Burstein II, size 11, Uncemented, Hardinge, Finsbury Orthopaedics, uncemented, 15mm, 110mm, 6, size 10, Uncemented, Exeter, 14mm, 5, uncemented, 15mm, 6, 110mm, Yes, 10mm, 35mm, Uncemented, Notes on TKR Preparation/implantation</td>
<td><div><pre>org.openqa.selenium.UnhandledAlertException: Modal dialog present: Please save changes before exiting the page
Build info: version: &apos;2.43.0&apos;, revision: &apos;accb3003b9fb8f7cae30f9669b4c594a065396a6&apos;, time: &apos;2014-09-09 22:22:51&apos;
System info: host: &apos;kmmedical&apos;, ip: &apos;192.168.1.11&apos;, os.name: &apos;Windows 7&apos;, os.arch: &apos;x86&apos;, os.version: &apos;6.1&apos;, java.version: &apos;1.7.0_45&apos;
Session ID: 1dac6072-2270-4291-b459-372d897410a2
Driver info: org.openqa.selenium.firefox.FirefoxDriver
Capabilities [{platform=WINDOWS, databaseEnabled=true, cssSelectorsEnabled=true, javascriptEnabled=true, acceptSslCerts=true, handlesAlerts=true, browserName=firefox, webStorageEnabled=true, nativeEvents=true, rotatable=false, locationContextEnabled=true, applicationCacheEnabled=true, takesScreenshot=true, version=32.0}]
	at org.openqa.selenium.remote.ErrorHandler.createThrowable(ErrorHandler.java:204)
	at org.openqa.selenium.remote.ErrorHandler.createUnhandledAlertException(ErrorHandler.java:185)
	at org.openqa.selenium.remote.ErrorHandler.throwIfResponseFailed(ErrorHandler.java:152)
	at org.openqa.selenium.remote.RemoteWebDriver.execute(RemoteWebDriver.java:599)
	at org.openqa.selenium.remote.RemoteWebDriver.findElement(RemoteWebDriver.java:352)
	at org.openqa.selenium.remote.RemoteWebDriver.findElementById(RemoteWebDriver.java:393)
	at org.openqa.selenium.By$ById.findElement(By.java:214)
	at org.openqa.selenium.remote.RemoteWebDriver.findElement(RemoteWebDriver.java:344)
	at ortho.eoc.kneeOperationData.hipOperation(kneeOperationData.java:134)
... Removed 28 stack frames</pre></div><a href='#' onClick='toggleBox("stack-trace27401022", this, "Click to show all stack frames", "Click to hide stack frames")'>Click to show all stack frames</a>
<div class='stack-trace' id='stack-trace27401022'><pre>org.openqa.selenium.UnhandledAlertException: Modal dialog present: Please save changes before exiting the page
Build info: version: &apos;2.43.0&apos;, revision: &apos;accb3003b9fb8f7cae30f9669b4c594a065396a6&apos;, time: &apos;2014-09-09 22:22:51&apos;
System info: host: &apos;kmmedical&apos;, ip: &apos;192.168.1.11&apos;, os.name: &apos;Windows 7&apos;, os.arch: &apos;x86&apos;, os.version: &apos;6.1&apos;, java.version: &apos;1.7.0_45&apos;
Session ID: 1dac6072-2270-4291-b459-372d897410a2
Driver info: org.openqa.selenium.firefox.FirefoxDriver
Capabilities [{platform=WINDOWS, databaseEnabled=true, cssSelectorsEnabled=true, javascriptEnabled=true, acceptSslCerts=true, handlesAlerts=true, browserName=firefox, webStorageEnabled=true, nativeEvents=true, rotatable=false, locationContextEnabled=true, applicationCacheEnabled=true, takesScreenshot=true, version=32.0}]
	at sun.reflect.NativeConstructorAccessorImpl.newInstance0(Native Method)
	at sun.reflect.NativeConstructorAccessorImpl.newInstance(Unknown Source)
	at sun.reflect.DelegatingConstructorAccessorImpl.newInstance(Unknown Source)
	at java.lang.reflect.Constructor.newInstance(Unknown Source)
	at org.openqa.selenium.remote.ErrorHandler.createThrowable(ErrorHandler.java:204)
	at org.openqa.selenium.remote.ErrorHandler.createUnhandledAlertException(ErrorHandler.java:185)
	at org.openqa.selenium.remote.ErrorHandler.throwIfResponseFailed(ErrorHandler.java:152)
	at org.openqa.selenium.remote.RemoteWebDriver.execute(RemoteWebDriver.java:599)
	at org.openqa.selenium.remote.RemoteWebDriver.findElement(RemoteWebDriver.java:352)
	at org.openqa.selenium.remote.RemoteWebDriver.findElementById(RemoteWebDriver.java:393)
	at org.openqa.selenium.By$ById.findElement(By.java:214)
	at org.openqa.selenium.remote.RemoteWebDriver.findElement(RemoteWebDriver.java:344)
	at ortho.eoc.kneeOperationData.hipOperation(kneeOperationData.java:134)
	at sun.reflect.NativeMethodAccessorImpl.invoke0(Native Method)
	at sun.reflect.NativeMethodAccessorImpl.invoke(Unknown Source)
	at sun.reflect.DelegatingMethodAccessorImpl.invoke(Unknown Source)
	at java.lang.reflect.Method.invoke(Unknown Source)
	at org.testng.internal.MethodInvocationHelper.invokeMethod(MethodInvocationHelper.java:84)
	at org.testng.internal.Invoker.invokeMethod(Invoker.java:714)
	at org.testng.internal.Invoker.invokeTestMethod(Invoker.java:901)
	at org.testng.internal.Invoker.invokeTestMethods(Invoker.java:1231)
	at org.testng.internal.TestMethodWorker.invokeTestMethods(TestMethodWorker.java:127)
	at org.testng.internal.TestMethodWorker.run(TestMethodWorker.java:111)
	at org.testng.TestRunner.privateRun(TestRunner.java:767)
	at org.testng.TestRunner.run(TestRunner.java:617)
	at org.testng.SuiteRunner.runTest(SuiteRunner.java:334)
	at org.testng.SuiteRunner.runSequentially(SuiteRunner.java:329)
	at org.testng.SuiteRunner.privateRun(SuiteRunner.java:291)
	at org.testng.SuiteRunner.run(SuiteRunner.java:240)
	at org.testng.SuiteRunnerWorker.runSuite(SuiteRunnerWorker.java:52)
	at org.testng.SuiteRunnerWorker.run(SuiteRunnerWorker.java:86)
	at org.testng.TestNG.runSuitesSequentially(TestNG.java:1224)
	at org.testng.TestNG.runSuitesLocally(TestNG.java:1149)
	at org.testng.TestNG.run(TestNG.java:1057)
	at org.testng.remote.RemoteTestNG.run(RemoteTestNG.java:111)
	at org.testng.remote.RemoteTestNG.initAndRun(RemoteTestNG.java:204)
	at org.testng.remote.RemoteTestNG.main(RemoteTestNG.java:175)
</pre></div></td>
<td>2</td>
<td>ortho.eoc.kneeOperationData@7da288</td></tr>
</table><p>
<table width='100%' border='1' class='invocation-passed'>
<tr><td colspan='4' align='center'><b>PASSED TESTS</b></td></tr>
<tr><td><b>Test method</b></td>
<td width="30%"><b>Exception</b></td>
<td width="10%"><b>Time (seconds)</b></td>
<td><b>Instance</b></td>
</tr>
<tr>
<td title='ortho.eoc.kneeOperationData.review_select()'><b>review_select</b><br>Test class: ortho.eoc.kneeOperationData</td>
<td></td>
<td>4</td>
<td>ortho.eoc.kneeOperationData@7da288</td></tr>
<tr>
<td title='ortho.eoc.kneeOperationData.test_patientsearch()'><b>test_patientsearch</b><br>Test class: ortho.eoc.kneeOperationData</td>
<td></td>
<td>4</td>
<td>ortho.eoc.kneeOperationData@7da288</td></tr>
<tr>
<td title='ortho.eoc.kneeOperationData.treatment_select()'><b>treatment_select</b><br>Test class: ortho.eoc.kneeOperationData</td>
<td></td>
<td>4</td>
<td>ortho.eoc.kneeOperationData@7da288</td></tr>
</table><p>
</body>
</html>