<?xml version="1.0" encoding="UTF-8"?>
<!-- Generated by org.testng.reporters.JUnitXMLReporter -->
<testsuite hostname="kmmedical" name="exampletest1" tests="5" failures="2" timestamp="9 Oct 2014 04:39:21 GMT" time="48.101" errors="0">
  <testcase name="test_patientsearch" time="4.728" classname="ortho.eoc.kneeOperationData"/>
  <testcase name="treatment_select" time="4.585" classname="ortho.eoc.kneeOperationData"/>
  <testcase name="review_select" time="4.488" classname="ortho.eoc.kneeOperationData"/>
  <testcase name="hipOperation" time="21.53" classname="ortho.eoc.kneeOperationData">
    <failure type="org.openqa.selenium.NoSuchElementException" message="Cannot locate element with text: No.of drains
For documentation on this error, please visit: http://seleniumhq.org/exceptions/no_such_element.html
Build info: version: &amp;apos;2.43.0&amp;apos;, revision: &amp;apos;accb3003b9fb8f7cae30f9669b4c594a065396a6&amp;apos;, time: &amp;apos;2014-09-09 22:22:51&amp;apos;
System info: host: &amp;apos;kmmedical&amp;apos;, ip: &amp;apos;192.168.1.11&amp;apos;, os.name: &amp;apos;Windows 7&amp;apos;, os.arch: &amp;apos;x86&amp;apos;, os.version: &amp;apos;6.1&amp;apos;, java.version: &amp;apos;1.7.0_45&amp;apos;
Driver info: driver.version: unknown">
      <![CDATA[org.openqa.selenium.NoSuchElementException: Cannot locate element with text: No.of drains
For documentation on this error, please visit: http://seleniumhq.org/exceptions/no_such_element.html
Build info: version: '2.43.0', revision: 'accb3003b9fb8f7cae30f9669b4c594a065396a6', time: '2014-09-09 22:22:51'
System info: host: 'kmmedical', ip: '192.168.1.11', os.name: 'Windows 7', os.arch: 'x86', os.version: '6.1', java.version: '1.7.0_45'
Driver info: driver.version: unknown
	at org.openqa.selenium.support.ui.Select.selectByVisibleText(Select.java:147)
	at ortho.eoc.kneeOperationData.hipOperation(kneeOperationData.java:244)
... Removed 24 stack frames]]>
    </failure>
  </testcase> <!-- hipOperation -->
  <testcase name="hipOperation" time="2.559" classname="ortho.eoc.kneeOperationData">
    <failure type="org.openqa.selenium.UnhandledAlertException" message="Modal dialog present: Please save changes before exiting the page
Build info: version: &amp;apos;2.43.0&amp;apos;, revision: &amp;apos;accb3003b9fb8f7cae30f9669b4c594a065396a6&amp;apos;, time: &amp;apos;2014-09-09 22:22:51&amp;apos;
System info: host: &amp;apos;kmmedical&amp;apos;, ip: &amp;apos;192.168.1.11&amp;apos;, os.name: &amp;apos;Windows 7&amp;apos;, os.arch: &amp;apos;x86&amp;apos;, os.version: &amp;apos;6.1&amp;apos;, java.version: &amp;apos;1.7.0_45&amp;apos;
Session ID: 1dac6072-2270-4291-b459-372d897410a2
Driver info: org.openqa.selenium.firefox.FirefoxDriver
Capabilities [{platform=WINDOWS, databaseEnabled=true, cssSelectorsEnabled=true, javascriptEnabled=true, acceptSslCerts=true, handlesAlerts=true, browserName=firefox, webStorageEnabled=true, nativeEvents=true, rotatable=false, locationContextEnabled=true, applicationCacheEnabled=true, takesScreenshot=true, version=32.0}]">
      <![CDATA[org.openqa.selenium.UnhandledAlertException: Modal dialog present: Please save changes before exiting the page
Build info: version: '2.43.0', revision: 'accb3003b9fb8f7cae30f9669b4c594a065396a6', time: '2014-09-09 22:22:51'
System info: host: 'kmmedical', ip: '192.168.1.11', os.name: 'Windows 7', os.arch: 'x86', os.version: '6.1', java.version: '1.7.0_45'
Session ID: 1dac6072-2270-4291-b459-372d897410a2
Driver info: org.openqa.selenium.firefox.FirefoxDriver
Capabilities [{platform=WINDOWS, databaseEnabled=true, cssSelectorsEnabled=true, javascriptEnabled=true, acceptSslCerts=true, handlesAlerts=true, browserName=firefox, webStorageEnabled=true, nativeEvents=true, rotatable=false, locationContextEnabled=true, applicationCacheEnabled=true, takesScreenshot=true, version=32.0}]
	at org.openqa.selenium.remote.ErrorHandler.createThrowable(ErrorHandler.java:204)
	at org.openqa.selenium.remote.ErrorHandler.createUnhandledAlertException(ErrorHandler.java:185)
	at org.openqa.selenium.remote.ErrorHandler.throwIfResponseFailed(ErrorHandler.java:152)
	at org.openqa.selenium.remote.RemoteWebDriver.execute(RemoteWebDriver.java:599)
	at org.openqa.selenium.remote.RemoteWebDriver.findElement(RemoteWebDriver.java:352)
	at org.openqa.selenium.remote.RemoteWebDriver.findElementById(RemoteWebDriver.java:393)
	at org.openqa.selenium.By$ById.findElement(By.java:214)
	at org.openqa.selenium.remote.RemoteWebDriver.findElement(RemoteWebDriver.java:344)
	at ortho.eoc.kneeOperationData.hipOperation(kneeOperationData.java:134)
... Removed 28 stack frames]]>
    </failure>
  </testcase> <!-- hipOperation -->
</testsuite> <!-- exampletest1 -->
